<?xml version="1.0" encoding="UTF-8"?>
<!-- Generated by org.testng.reporters.JUnitXMLReporter -->
<testsuite hostname="DESKTOP-FJH7FLG" name="Default test" tests="5" failures="0" timestamp="25 Mar 2019 19:49:16 GMT" time="0.056" errors="0">
  <testcase name="@BeforeClass setUp" time="0.0" classname="com.test.alation.assignment.SearchDataCatalog">
    <failure type="org.testng.TestNGException" message="
Parameter &amp;apos;browser&amp;apos; is required by @Configuration on method setUp but has not been marked @Optional or defined
in C:\Users\Perumal\AppData\Local\Temp\testng-eclipse-1679097270\testng-customsuite.xml">
      <![CDATA[org.testng.TestNGException: 
Parameter 'browser' is required by @Configuration on method setUp but has not been marked @Optional or defined
in C:\Users\Perumal\AppData\Local\Temp\testng-eclipse-1679097270\testng-customsuite.xml
	at org.testng.internal.Parameters.createParameters(Parameters.java:155)
	at org.testng.internal.Parameters.createParameters(Parameters.java:358)
	at org.testng.internal.Parameters.createConfigurationParameters(Parameters.java:86)
	at org.testng.internal.Invoker.invokeConfigurations(Invoker.java:199)
	at org.testng.internal.Invoker.invokeConfigurations(Invoker.java:138)
	at org.testng.internal.TestMethodWorker.invokeBeforeClassMethods(TestMethodWorker.java:175)
	at org.testng.internal.TestMethodWorker.run(TestMethodWorker.java:107)
	at org.testng.TestRunner.privateRun(TestRunner.java:767)
	at org.testng.TestRunner.run(TestRunner.java:617)
	at org.testng.SuiteRunner.runTest(SuiteRunner.java:334)
	at org.testng.SuiteRunner.runSequentially(SuiteRunner.java:329)
	at org.testng.SuiteRunner.privateRun(SuiteRunner.java:291)
	at org.testng.SuiteRunner.run(SuiteRunner.java:240)
	at org.testng.SuiteRunnerWorker.runSuite(SuiteRunnerWorker.java:52)
	at org.testng.SuiteRunnerWorker.run(SuiteRunnerWorker.java:86)
	at org.testng.TestNG.runSuitesSequentially(TestNG.java:1224)
	at org.testng.TestNG.runSuitesLocally(TestNG.java:1149)
	at org.testng.TestNG.run(TestNG.java:1057)
	at org.testng.remote.AbstractRemoteTestNG.run(AbstractRemoteTestNG.java:115)
	at org.testng.remote.RemoteTestNG.initAndRun(RemoteTestNG.java:251)
	at org.testng.remote.RemoteTestNG.main(RemoteTestNG.java:77)
]]>
    </failure>
  </testcase> <!-- @BeforeClass setUp -->
  <testcase name="@AfterClass tearDown" time="0.0" classname="com.test.alation.assignment.SearchDataCatalog">
    <skipped/>
  </testcase> <!-- @AfterClass tearDown -->
  <testcase name="openAmazon" time="0.011" classname="com.test.alation.assignment.SearchDataCatalog">
    <skipped/>
  </testcase> <!-- openAmazon -->
  <testcase name="selectBooksCategory" time="0.002" classname="com.test.alation.assignment.SearchDataCatalog">
    <skipped/>
  </testcase> <!-- selectBooksCategory -->
  <testcase name="searchForDataCatalog" time="0.001" classname="com.test.alation.assignment.SearchDataCatalog">
    <skipped/>
  </testcase> <!-- searchForDataCatalog -->
  <testcase name="verifyFirstSearchedResult" time="0.001" classname="com.test.alation.assignment.SearchDataCatalog">
    <skipped/>
  </testcase> <!-- verifyFirstSearchedResult -->
  <testcase name="verifyBookMode" time="0.001" classname="com.test.alation.assignment.SearchDataCatalog">
    <skipped/>
  </testcase> <!-- verifyBookMode -->
</testsuite> <!-- Default test -->
