<!DOCTYPE html PUBLIC "-//W3C//DTD XHTML 1.1//EN" "http://www.w3.org/TR/xhtml11/DTD/xhtml11.dtd">
<html xmlns="http://www.w3.org/1999/xhtml"><head><title>TestNG Report</title><style type="text/css">table {margin-bottom:10px;border-collapse:collapse;empty-cells:show}th,td {border:1px solid #009;padding:.25em .5em}th {vertical-align:bottom}td {vertical-align:top}table a {font-weight:bold}.stripe td {background-color: #E6EBF9}.num {text-align:right}.passedodd td {background-color: #3F3}.passedeven td {background-color: #0A0}.skippedodd td {background-color: #DDD}.skippedeven td {background-color: #CCC}.failedodd td,.attn {background-color: #F33}.failedeven td,.stripe .attn {background-color: #D00}.stacktrace {white-space:pre;font-family:monospace}.totop {font-size:85%;text-align:center;border-bottom:2px solid #000}</style></head><body><center><h1>TestNG Report - 2019-03-26 12:28:07 AM</h1></center><table><tr><th>Test</th><th># Passed</th><th># Skipped</th><th># Failed</th><th>Seconds</th><th>Included Groups</th><th>Excluded Groups</th></tr><tr><th colspan="7">BooksSearch</th></tr><tr><td><a href="#t0">ChromeTests</a></td><td class="num">10</td><td class="num">0</td><td class="num attn">2</td><td class="num">120.71</td><td></td><td></td></tr><tr><th>Total</th><th class="num">10</th><th class="num">0</th><th class="num attn">2</th><th class="num">120.71</th><th colspan="2"></th></tr></table><table><thead><tr><th>Class</th><th>Method</th><th>Name</th><th>Start</th><th>Seconds</th></tr></thead><tbody><tr><th colspan="5">BooksSearch</th></tr></tbody><tbody id="t0"><tr><th colspan="5">ChromeTests &#8212; failed</th></tr><tr class="failedeven"><td rowspan="2">com.test.alation.assignment.SearchDataCatalog</td><td><a href="#m0">verifyHardCoverBookMode</a></td><td rowspan="1">verifyHardCoverBookMode</td><td rowspan="1">00:27:00 AM</td><td rowspan="1">30.25</td></tr><tr class="failedeven"><td><a href="#m1">verifyItemAvailability</a></td><td rowspan="1">verifyItemAvailability</td><td rowspan="1">00:27:31 AM</td><td rowspan="1">30.03</td></tr><tr><th colspan="5">ChromeTests &#8212; passed</th></tr><tr class="passedeven"><td rowspan="10">com.test.alation.assignment.SearchDataCatalog</td><td><a href="#m2">openAmazon</a></td><td rowspan="1">openAmazon</td><td rowspan="1">00:26:11 AM</td><td rowspan="1">22.06</td></tr><tr class="passedeven"><td><a href="#m3">searchForDataCatalog</a></td><td rowspan="1">searchForDataCatalog</td><td rowspan="1">00:26:40 AM</td><td rowspan="1">17.82</td></tr><tr class="passedeven"><td><a href="#m4">selectBooksCategory</a></td><td rowspan="1">selectBooksCategory</td><td rowspan="1">00:26:33 AM</td><td rowspan="1">7.42</td></tr><tr class="passedeven"><td><a href="#m5">verifyCurrencySymbolUSD</a></td><td rowspan="1">verifyCurrencySymbolUSD</td><td rowspan="1">00:27:31 AM</td><td rowspan="1">0.09</td></tr><tr class="passedeven"><td><a href="#m6">verifyFirstSearchedResult</a></td><td rowspan="1">verifyFirstSearchedResult</td><td rowspan="1">00:26:58 AM</td><td rowspan="1">1.84</td></tr><tr class="passedeven"><td><a href="#m7">verifyItemDeliveryDate</a></td><td rowspan="1">verifyItemDeliveryDate</td><td rowspan="1">00:28:01 AM</td><td rowspan="1">0.1</td></tr><tr class="passedeven"><td><a href="#m8">verifyKindleBookMode</a></td><td rowspan="1">verifyKindleBookMode</td><td rowspan="1">00:27:00 AM</td><td rowspan="1">0.24</td></tr><tr class="passedeven"><td><a href="#m9">verifyPaperBackBookMode</a></td><td rowspan="1">verifyPaperBackBookMode</td><td rowspan="1">00:27:00 AM</td><td rowspan="1">0.07</td></tr><tr class="passedeven"><td><a href="#m10">verifyPriceIsNumericValue</a></td><td rowspan="1">verifyPriceIsNumericValue</td><td rowspan="1">00:27:31 AM</td><td rowspan="1">0.07</td></tr><tr class="passedeven"><td><a href="#m11">verifyRatingReviewers</a></td><td rowspan="1">verifyRatingReviewers</td><td rowspan="1">00:27:31 AM</td><td rowspan="1">0.13</td></tr></tbody></table><h2>ChromeTests</h2><h3 id="m0">com.test.alation.assignment.SearchDataCatalog#verifyHardCoverBookMode ( verifyHardCoverBookMode )</h3><table class="result"><tr><th>Exception</th></tr><tr><td><div class="stacktrace">org.openqa.selenium.NoSuchElementException: no such element: Unable to locate element: {&quot;method&quot;:&quot;xpath&quot;,&quot;selector&quot;:&quot;//div[@data-index=&apos;0&apos;]//a[contains(text(),&apos;Hardcover&apos;)]&quot;}
  (Session info: chrome=73.0.3683.86)
  (Driver info: chromedriver=73.0.3683.68 (47787ec04b6e38e22703e856e101e840b65afe72),platform=Windows NT 10.0.17134 x86_64) (WARNING: The server did not provide any stacktrace information)
Command duration or timeout: 0 milliseconds
For documentation on this error, please visit: https://www.seleniumhq.org/exceptions/no_such_element.html
Build info: version: &apos;3.141.59&apos;, revision: &apos;e82be7d358&apos;, time: &apos;2018-11-14T08:17:03&apos;
System info: host: &apos;DESKTOP-FJH7FLG&apos;, ip: &apos;192.168.43.163&apos;, os.name: &apos;Windows 10&apos;, os.arch: &apos;amd64&apos;, os.version: &apos;10.0&apos;, java.version: &apos;1.8.0_201&apos;
Driver info: org.openqa.selenium.chrome.ChromeDriver
Capabilities {acceptInsecureCerts: false, acceptSslCerts: false, applicationCacheEnabled: false, browserConnectionEnabled: false, browserName: chrome, chrome: {chromedriverVersion: 73.0.3683.68 (47787ec04b6e3..., userDataDir: C:\Users\Perumal\AppData\Lo...}, cssSelectorsEnabled: true, databaseEnabled: false, goog:chromeOptions: {debuggerAddress: localhost:62980}, handlesAlerts: true, hasTouchScreen: false, javascriptEnabled: true, locationContextEnabled: true, mobileEmulationEnabled: false, nativeEvents: true, networkConnectionEnabled: false, pageLoadStrategy: normal, platform: XP, platformName: XP, proxy: Proxy(), rotatable: false, setWindowRect: true, strictFileInteractability: false, takesHeapSnapshot: true, takesScreenshot: true, timeouts: {implicit: 0, pageLoad: 300000, script: 30000}, unexpectedAlertBehaviour: ignore, unhandledPromptBehavior: ignore, version: 73.0.3683.86, webStorageEnabled: true}
Session ID: ae5d1a7abfc4961c30ec9b7c299611f8
*** Element info: {Using=xpath, value=//div[@data-index=&apos;0&apos;]//a[contains(text(),&apos;Hardcover&apos;)]}
	at org.openqa.selenium.remote.ErrorHandler.createThrowable(ErrorHandler.java:214)
	at org.openqa.selenium.remote.ErrorHandler.throwIfResponseFailed(ErrorHandler.java:166)
	at org.openqa.selenium.remote.http.JsonHttpResponseCodec.reconstructValue(JsonHttpResponseCodec.java:40)
	at org.openqa.selenium.remote.http.AbstractHttpResponseCodec.decode(AbstractHttpResponseCodec.java:80)
	at org.openqa.selenium.remote.http.AbstractHttpResponseCodec.decode(AbstractHttpResponseCodec.java:44)
	at org.openqa.selenium.remote.HttpCommandExecutor.execute(HttpCommandExecutor.java:158)
	at org.openqa.selenium.remote.service.DriverCommandExecutor.execute(DriverCommandExecutor.java:83)
	at org.openqa.selenium.remote.RemoteWebDriver.execute(RemoteWebDriver.java:552)
	at org.openqa.selenium.remote.RemoteWebDriver.findElement(RemoteWebDriver.java:323)
	at org.openqa.selenium.remote.RemoteWebDriver.findElementByXPath(RemoteWebDriver.java:428)
	at org.openqa.selenium.By$ByXPath.findElement(By.java:353)
	at org.openqa.selenium.remote.RemoteWebDriver.findElement(RemoteWebDriver.java:315)
	at org.openqa.selenium.support.pagefactory.DefaultElementLocator.findElement(DefaultElementLocator.java:69)
	at org.openqa.selenium.support.pagefactory.internal.LocatingElementHandler.invoke(LocatingElementHandler.java:38)
	at com.sun.proxy.$Proxy10.getText(Unknown Source)
	at com.assignment.amazon.page.home.AmazonHomePage.isHardCoverLinkPresent(AmazonHomePage.java:110)
	at com.test.alation.assignment.SearchDataCatalog.verifyHardCoverBookMode(SearchDataCatalog.java:93)
	at java.util.concurrent.FutureTask.run(Unknown Source)
	at java.util.concurrent.ThreadPoolExecutor.runWorker(Unknown Source)
	at java.util.concurrent.ThreadPoolExecutor$Worker.run(Unknown Source)
	at java.lang.Thread.run(Unknown Source)
... Removed 20 stack frames</div></td></tr></table><p class="totop"><a href="#summary">back to summary</a></p><h3 id="m1">com.test.alation.assignment.SearchDataCatalog#verifyItemAvailability ( verifyItemAvailability )</h3><table class="result"><tr><th>Exception</th></tr><tr><td><div class="stacktrace">org.openqa.selenium.NoSuchElementException: no such element: Unable to locate element: {&quot;method&quot;:&quot;xpath&quot;,&quot;selector&quot;:&quot;//div[@data-index=&apos;0&apos;]//span[contains(@aria-label,&apos;out of stock&apos;)]&quot;}
  (Session info: chrome=73.0.3683.86)
  (Driver info: chromedriver=73.0.3683.68 (47787ec04b6e38e22703e856e101e840b65afe72),platform=Windows NT 10.0.17134 x86_64) (WARNING: The server did not provide any stacktrace information)
Command duration or timeout: 0 milliseconds
For documentation on this error, please visit: https://www.seleniumhq.org/exceptions/no_such_element.html
Build info: version: &apos;3.141.59&apos;, revision: &apos;e82be7d358&apos;, time: &apos;2018-11-14T08:17:03&apos;
System info: host: &apos;DESKTOP-FJH7FLG&apos;, ip: &apos;192.168.43.163&apos;, os.name: &apos;Windows 10&apos;, os.arch: &apos;amd64&apos;, os.version: &apos;10.0&apos;, java.version: &apos;1.8.0_201&apos;
Driver info: org.openqa.selenium.chrome.ChromeDriver
Capabilities {acceptInsecureCerts: false, acceptSslCerts: false, applicationCacheEnabled: false, browserConnectionEnabled: false, browserName: chrome, chrome: {chromedriverVersion: 73.0.3683.68 (47787ec04b6e3..., userDataDir: C:\Users\Perumal\AppData\Lo...}, cssSelectorsEnabled: true, databaseEnabled: false, goog:chromeOptions: {debuggerAddress: localhost:62980}, handlesAlerts: true, hasTouchScreen: false, javascriptEnabled: true, locationContextEnabled: true, mobileEmulationEnabled: false, nativeEvents: true, networkConnectionEnabled: false, pageLoadStrategy: normal, platform: XP, platformName: XP, proxy: Proxy(), rotatable: false, setWindowRect: true, strictFileInteractability: false, takesHeapSnapshot: true, takesScreenshot: true, timeouts: {implicit: 0, pageLoad: 300000, script: 30000}, unexpectedAlertBehaviour: ignore, unhandledPromptBehavior: ignore, version: 73.0.3683.86, webStorageEnabled: true}
Session ID: ae5d1a7abfc4961c30ec9b7c299611f8
*** Element info: {Using=xpath, value=//div[@data-index=&apos;0&apos;]//span[contains(@aria-label,&apos;out of stock&apos;)]}
	at org.openqa.selenium.remote.ErrorHandler.createThrowable(ErrorHandler.java:214)
	at org.openqa.selenium.remote.ErrorHandler.throwIfResponseFailed(ErrorHandler.java:166)
	at org.openqa.selenium.remote.http.JsonHttpResponseCodec.reconstructValue(JsonHttpResponseCodec.java:40)
	at org.openqa.selenium.remote.http.AbstractHttpResponseCodec.decode(AbstractHttpResponseCodec.java:80)
	at org.openqa.selenium.remote.http.AbstractHttpResponseCodec.decode(AbstractHttpResponseCodec.java:44)
	at org.openqa.selenium.remote.HttpCommandExecutor.execute(HttpCommandExecutor.java:158)
	at org.openqa.selenium.remote.service.DriverCommandExecutor.execute(DriverCommandExecutor.java:83)
	at org.openqa.selenium.remote.RemoteWebDriver.execute(RemoteWebDriver.java:552)
	at org.openqa.selenium.remote.RemoteWebDriver.findElement(RemoteWebDriver.java:323)
	at org.openqa.selenium.remote.RemoteWebDriver.findElementByXPath(RemoteWebDriver.java:428)
	at org.openqa.selenium.By$ByXPath.findElement(By.java:353)
	at org.openqa.selenium.remote.RemoteWebDriver.findElement(RemoteWebDriver.java:315)
	at org.openqa.selenium.support.pagefactory.DefaultElementLocator.findElement(DefaultElementLocator.java:69)
	at org.openqa.selenium.support.pagefactory.internal.LocatingElementHandler.invoke(LocatingElementHandler.java:38)
	at com.sun.proxy.$Proxy10.isDisplayed(Unknown Source)
	at com.assignment.amazon.page.home.AmazonHomePage.isItemOutOfStock(AmazonHomePage.java:148)
	at com.test.alation.assignment.SearchDataCatalog.verifyItemAvailability(SearchDataCatalog.java:117)
	at java.util.concurrent.FutureTask.run(Unknown Source)
	at java.util.concurrent.ThreadPoolExecutor.runWorker(Unknown Source)
	at java.util.concurrent.ThreadPoolExecutor$Worker.run(Unknown Source)
	at java.lang.Thread.run(Unknown Source)
... Removed 20 stack frames</div></td></tr></table><p class="totop"><a href="#summary">back to summary</a></p><h3 id="m2">com.test.alation.assignment.SearchDataCatalog#openAmazon ( openAmazon )</h3><table class="result"></table><p class="totop"><a href="#summary">back to summary</a></p><h3 id="m3">com.test.alation.assignment.SearchDataCatalog#searchForDataCatalog ( searchForDataCatalog )</h3><table class="result"></table><p class="totop"><a href="#summary">back to summary</a></p><h3 id="m4">com.test.alation.assignment.SearchDataCatalog#selectBooksCategory ( selectBooksCategory )</h3><table class="result"></table><p class="totop"><a href="#summary">back to summary</a></p><h3 id="m5">com.test.alation.assignment.SearchDataCatalog#verifyCurrencySymbolUSD ( verifyCurrencySymbolUSD )</h3><table class="result"></table><p class="totop"><a href="#summary">back to summary</a></p><h3 id="m6">com.test.alation.assignment.SearchDataCatalog#verifyFirstSearchedResult ( verifyFirstSearchedResult )</h3><table class="result"></table><p class="totop"><a href="#summary">back to summary</a></p><h3 id="m7">com.test.alation.assignment.SearchDataCatalog#verifyItemDeliveryDate ( verifyItemDeliveryDate )</h3><table class="result"></table><p class="totop"><a href="#summary">back to summary</a></p><h3 id="m8">com.test.alation.assignment.SearchDataCatalog#verifyKindleBookMode ( verifyKindleBookMode )</h3><table class="result"></table><p class="totop"><a href="#summary">back to summary</a></p><h3 id="m9">com.test.alation.assignment.SearchDataCatalog#verifyPaperBackBookMode ( verifyPaperBackBookMode )</h3><table class="result"></table><p class="totop"><a href="#summary">back to summary</a></p><h3 id="m10">com.test.alation.assignment.SearchDataCatalog#verifyPriceIsNumericValue ( verifyPriceIsNumericValue )</h3><table class="result"></table><p class="totop"><a href="#summary">back to summary</a></p><h3 id="m11">com.test.alation.assignment.SearchDataCatalog#verifyRatingReviewers ( verifyRatingReviewers )</h3><table class="result"></table><p class="totop"><a href="#summary">back to summary</a></p></body></html>