<?xml version="1.0" encoding="UTF-8"?>
<!-- Generated by org.testng.reporters.JUnitReportReporter -->
<testsuite hostname="DESKTOP-FJH7FLG" name="com.test.alation.assignment.TestUrlLoad" tests="5" failures="0" timestamp="25 Mar 2019 19:04:30 GMT" time="17.042" errors="0">
  <testcase name="selectBooksCategory" time="2.177" classname="com.test.alation.assignment.TestUrlLoad"/>
  <testcase name="verifyFirstSearchedResult" time="0.252" classname="com.test.alation.assignment.TestUrlLoad"/>
  <testcase name="openAmazon" time="5.061" classname="com.test.alation.assignment.TestUrlLoad"/>
  <testcase name="verifyBookMode" time="1.882" classname="com.test.alation.assignment.TestUrlLoad"/>
  <testcase name="searchForDataCatalog" time="7.670" classname="com.test.alation.assignment.TestUrlLoad"/>
</testsuite> <!-- com.test.alation.assignment.TestUrlLoad -->
